0 [140466272417664] INFO perfrun.launcher <> - Launcher main begin
1 [140466272417664] INFO perfrun.launcher <> - MessageCatalogInit finished
1 [140466272417664] INFO perfrun.launcher <> - Launcher instance created
1 [140466272417664] INFO perfrun.launcher <> - argc = 6; cmdline = /home/brianlee/intel/oneapi/vtune/2024.1/bin64/amplxe-runss -dump-vdso -r /home/brianlee/intel/oneapi/r001hs --tmp-dir /tmp/amplxe-tmp-brianlee 
33 [140466272417664] INFO perfrun.launcher <> - create msngr2::ICliToolContext
33 [140466272417664] INFO perfrun.launcher <> - create file finder object
34 [140466049779392] INFO perfrun.launcher <> - plugin [remoteplug] was disabled because it doesn't support the given collection type.
34 [140466049779392] INFO perfrun.launcher <> - plugin [system] was disabled because it doesn't support the given collection type.
34 [140466049779392] INFO perfrun.vdso <> - dumping [vdso] pseudomodule
35 [140466049779392] INFO perfrun.launcher <> - plugin [itt] was disabled because it doesn't support the given collection type.
35 [140466049779392] INFO perfrun.launcher <> - plugin [ptracecollector] was disabled because it doesn't support the given collection type.
35 [140466049779392] INFO perfrun.launcher <> - plugin [gpu] was disabled because it doesn't support the given collection type.
35 [140466049779392] INFO perfrun.launcher <> - plugin [] was disabled because it doesn't support the given collection type.
35 [140466049779392] INFO perfrun.launcher <> - plugin [] was disabled because it doesn't support the given collection type.
35 [140466049779392] INFO perfrun.launcher <> - plugin [] was disabled because it doesn't support the given collection type.
35 [140466049779392] INFO perfrun.launcher <> - plugin [mrte] was disabled because it doesn't support the given collection type.
35 [140466049779392] INFO perfrun.launcher <> - plugin [emon] was disabled because it doesn't support the given collection type.
35 [140466049779392] INFO perfrun.launcher <> - plugin [cuscol] was disabled because it doesn't support the given collection type.
35 [140466049779392] INFO perfrun.launcher <> - plugin [stdsrc] was disabled because it doesn't support the given collection type.
35 [140466049779392] INFO perfrun.launcher <> - plugin [sep] was disabled because it doesn't support the given collection type.
35 [140466049779392] INFO perfrun.launcher <> - plugin [vtsspp] was disabled because it doesn't support the given collection type.
35 [140466049779392] INFO perfrun.launcher <> - plugin [perf] was disabled because it doesn't support the given collection type.
35 [140466049779392] INFO perfrun.launcher <> - plugin [aoclprofile] was disabled because it doesn't support the given collection type.
35 [140466049779392] INFO perfrun.launcher <> - plugin [tpss] was disabled because it doesn't support the given collection type.
35 [140466049779392] INFO perfrun.launcher <> - plugin [media] was disabled because it doesn't support the given collection type.
35 [140466049779392] INFO perfrun.launcher <> - plugin [] was disabled because it doesn't support the given collection type.
35 [140466049779392] INFO perfrun.launcher <> - plugin [] was disabled because it doesn't support the given collection type.
35 [140466049779392] INFO perfrun.launcher <> - plugin [parallelfs] was disabled because it doesn't support the given collection type.
35 [140466049779392] INFO perfrun.launcher <> - plugin [power] was disabled because it doesn't support the given collection type.
35 [140466049779392] INFO perfrun.launcher <> - plugin [] was disabled because it doesn't support the given collection type.
35 [140466049779392] INFO perfrun.launcher <> - plugin [ipmwatch] was disabled because it doesn't support the given collection type.
35 [140466049779392] INFO perfrun.launcher <> - plugin [os_counters] was disabled because it doesn't support the given collection type.
35 [140466049779392] INFO perfrun.launcher <> - plugin [l0_metrics] was disabled because it doesn't support the given collection type.
35 [140466272417664] INFO perfrun.launcher <> - Application exit code: 0
35 [140466272417664] INFO perfrun.launcher <> - Exit code: 0
